{
  "uid" : "3255d8f571aa1519",
  "name" : "This will validate first name while create new use",
  "fullName" : "Users Module: This will validate first name while create new use",
  "historyId" : "87b930ecd1af96a59cda5616164f2a9d",
  "time" : {
    "start" : 1658951309027,
    "stop" : 1658951370341,
    "duration" : 61314
  },
  "status" : "broken",
  "statusMessage" : "chrome not reachable\nBuild info: version: '3.141.59', revision: 'e82be7d358', time: '2018-11-14T08:17:03'\nSystem info: host: 'DESKTOP-NH20ML0', ip: '192.187.8.105', os.name: 'Windows 10', os.arch: 'amd64', os.version: '10.0', java.version: '11.0.11'\nDriver info: driver.version: ChromeDriver\nremote stacktrace: Backtrace:\n\tOrdinal0 [0x00E35FD3+2187219]\n\tOrdinal0 [0x00DCE6D1+1763025]\n\tOrdinal0 [0x00CE3D40+802112]\n\tOrdinal0 [0x00CD8935+756021]\n\tOrdinal0 [0x00D04BB4+936884]\n\tOrdinal0 [0x00D00DDC+921052]\n\tOrdinal0 [0x00CFE691+910993]\n\tOrdinal0 [0x00D317F0+1120240]\n\tOrdinal0 [0x00D3144A+1119306]\n\tOrdinal0 [0x00D2C9A6+1100198]\n\tOrdinal0 [0x00D06F80+946048]\n\tOrdinal0 [0x00D07E76+949878]\n\tGetHandleVerifier [0x010D90C2+2721218]\n\tGetHandleVerifier [0x010CAAF0+2662384]\n\tGetHandleVerifier [0x00EC137A+526458]\n\tGetHandleVerifier [0x00EC0416+522518]\n\tOrdinal0 [0x00DD4EAB+1789611]\n\tOrdinal0 [0x00DD97A8+1808296]\n\tOrdinal0 [0x00DD9895+1808533]\n\tOrdinal0 [0x00DE26C1+1844929]\n\tBaseThreadInitThunk [0x7646FA29+25]\n\tRtlGetAppContainerNamedObjectPath [0x77307A9E+286]\n\tRtlGetAppContainerNamedObjectPath [0x77307A6E+238]\n",
  "statusTrace" : "org.openqa.selenium.WebDriverException: chrome not reachable\nBuild info: version: '3.141.59', revision: 'e82be7d358', time: '2018-11-14T08:17:03'\nSystem info: host: 'DESKTOP-NH20ML0', ip: '192.187.8.105', os.name: 'Windows 10', os.arch: 'amd64', os.version: '10.0', java.version: '11.0.11'\nDriver info: driver.version: ChromeDriver\nremote stacktrace: Backtrace:\n\tOrdinal0 [0x00E35FD3+2187219]\n\tOrdinal0 [0x00DCE6D1+1763025]\n\tOrdinal0 [0x00CE3D40+802112]\n\tOrdinal0 [0x00CD8935+756021]\n\tOrdinal0 [0x00D04BB4+936884]\n\tOrdinal0 [0x00D00DDC+921052]\n\tOrdinal0 [0x00CFE691+910993]\n\tOrdinal0 [0x00D317F0+1120240]\n\tOrdinal0 [0x00D3144A+1119306]\n\tOrdinal0 [0x00D2C9A6+1100198]\n\tOrdinal0 [0x00D06F80+946048]\n\tOrdinal0 [0x00D07E76+949878]\n\tGetHandleVerifier [0x010D90C2+2721218]\n\tGetHandleVerifier [0x010CAAF0+2662384]\n\tGetHandleVerifier [0x00EC137A+526458]\n\tGetHandleVerifier [0x00EC0416+522518]\n\tOrdinal0 [0x00DD4EAB+1789611]\n\tOrdinal0 [0x00DD97A8+1808296]\n\tOrdinal0 [0x00DD9895+1808533]\n\tOrdinal0 [0x00DE26C1+1844929]\n\tBaseThreadInitThunk [0x7646FA29+25]\n\tRtlGetAppContainerNamedObjectPath [0x77307A9E+286]\n\tRtlGetAppContainerNamedObjectPath [0x77307A6E+238]\n\r\n\tat java.base/jdk.internal.reflect.NativeConstructorAccessorImpl.newInstance0(Native Method)\r\n\tat java.base/jdk.internal.reflect.NativeConstructorAccessorImpl.newInstance(NativeConstructorAccessorImpl.java:62)\r\n\tat java.base/jdk.internal.reflect.DelegatingConstructorAccessorImpl.newInstance(DelegatingConstructorAccessorImpl.java:45)\r\n\tat java.base/java.lang.reflect.Constructor.newInstance(Constructor.java:490)\r\n\tat org.openqa.selenium.remote.W3CHandshakeResponse.lambda$errorHandler$0(W3CHandshakeResponse.java:62)\r\n\tat org.openqa.selenium.remote.HandshakeResponse.lambda$getResponseFunction$0(HandshakeResponse.java:30)\r\n\tat org.openqa.selenium.remote.ProtocolHandshake.lambda$createSession$0(ProtocolHandshake.java:126)\r\n\tat java.base/java.util.stream.ReferencePipeline$3$1.accept(ReferencePipeline.java:195)\r\n\tat java.base/java.util.Spliterators$ArraySpliterator.tryAdvance(Spliterators.java:958)\r\n\tat java.base/java.util.stream.ReferencePipeline.forEachWithCancel(ReferencePipeline.java:127)\r\n\tat java.base/java.util.stream.AbstractPipeline.copyIntoWithCancel(AbstractPipeline.java:502)\r\n\tat java.base/java.util.stream.AbstractPipeline.copyInto(AbstractPipeline.java:488)\r\n\tat java.base/java.util.stream.AbstractPipeline.wrapAndCopyInto(AbstractPipeline.java:474)\r\n\tat java.base/java.util.stream.FindOps$FindOp.evaluateSequential(FindOps.java:150)\r\n\tat java.base/java.util.stream.AbstractPipeline.evaluate(AbstractPipeline.java:234)\r\n\tat java.base/java.util.stream.ReferencePipeline.findFirst(ReferencePipeline.java:543)\r\n\tat org.openqa.selenium.remote.ProtocolHandshake.createSession(ProtocolHandshake.java:128)\r\n\tat org.openqa.selenium.remote.ProtocolHandshake.createSession(ProtocolHandshake.java:74)\r\n\tat org.openqa.selenium.remote.HttpCommandExecutor.execute(HttpCommandExecutor.java:136)\r\n\tat org.openqa.selenium.remote.service.DriverCommandExecutor.execute(DriverCommandExecutor.java:83)\r\n\tat org.openqa.selenium.remote.RemoteWebDriver.execute(RemoteWebDriver.java:552)\r\n\tat org.openqa.selenium.remote.RemoteWebDriver.startSession(RemoteWebDriver.java:213)\r\n\tat org.openqa.selenium.remote.RemoteWebDriver.<init>(RemoteWebDriver.java:131)\r\n\tat org.openqa.selenium.chrome.ChromeDriver.<init>(ChromeDriver.java:181)\r\n\tat org.openqa.selenium.chrome.ChromeDriver.<init>(ChromeDriver.java:168)\r\n\tat org.openqa.selenium.chrome.ChromeDriver.<init>(ChromeDriver.java:157)\r\n\tat core.driveroptions.BrowserHandler.setDriver(BrowserHandler.java:104)\r\n\tat core.driveroptions.BrowserHandler.getDriver(BrowserHandler.java:56)\r\n\tat core.components.ComponentHandler.Init(ComponentHandler.java:26)\r\n\tat stepDefinations.stepDefinition.visit(stepDefinition.java:45)\r\n\tat ✽.Visit(file:src/test/java/features/Users%20Module.feature:3)\r\n",
  "flaky" : false,
  "newFailed" : false,
  "newBroken" : false,
  "newPassed" : false,
  "retriesCount" : 0,
  "retriesStatusChange" : false,
  "beforeStages" : [ ],
  "testStage" : {
    "status" : "broken",
    "statusMessage" : "chrome not reachable\nBuild info: version: '3.141.59', revision: 'e82be7d358', time: '2018-11-14T08:17:03'\nSystem info: host: 'DESKTOP-NH20ML0', ip: '192.187.8.105', os.name: 'Windows 10', os.arch: 'amd64', os.version: '10.0', java.version: '11.0.11'\nDriver info: driver.version: ChromeDriver\nremote stacktrace: Backtrace:\n\tOrdinal0 [0x00E35FD3+2187219]\n\tOrdinal0 [0x00DCE6D1+1763025]\n\tOrdinal0 [0x00CE3D40+802112]\n\tOrdinal0 [0x00CD8935+756021]\n\tOrdinal0 [0x00D04BB4+936884]\n\tOrdinal0 [0x00D00DDC+921052]\n\tOrdinal0 [0x00CFE691+910993]\n\tOrdinal0 [0x00D317F0+1120240]\n\tOrdinal0 [0x00D3144A+1119306]\n\tOrdinal0 [0x00D2C9A6+1100198]\n\tOrdinal0 [0x00D06F80+946048]\n\tOrdinal0 [0x00D07E76+949878]\n\tGetHandleVerifier [0x010D90C2+2721218]\n\tGetHandleVerifier [0x010CAAF0+2662384]\n\tGetHandleVerifier [0x00EC137A+526458]\n\tGetHandleVerifier [0x00EC0416+522518]\n\tOrdinal0 [0x00DD4EAB+1789611]\n\tOrdinal0 [0x00DD97A8+1808296]\n\tOrdinal0 [0x00DD9895+1808533]\n\tOrdinal0 [0x00DE26C1+1844929]\n\tBaseThreadInitThunk [0x7646FA29+25]\n\tRtlGetAppContainerNamedObjectPath [0x77307A9E+286]\n\tRtlGetAppContainerNamedObjectPath [0x77307A6E+238]\n",
    "statusTrace" : "org.openqa.selenium.WebDriverException: chrome not reachable\nBuild info: version: '3.141.59', revision: 'e82be7d358', time: '2018-11-14T08:17:03'\nSystem info: host: 'DESKTOP-NH20ML0', ip: '192.187.8.105', os.name: 'Windows 10', os.arch: 'amd64', os.version: '10.0', java.version: '11.0.11'\nDriver info: driver.version: ChromeDriver\nremote stacktrace: Backtrace:\n\tOrdinal0 [0x00E35FD3+2187219]\n\tOrdinal0 [0x00DCE6D1+1763025]\n\tOrdinal0 [0x00CE3D40+802112]\n\tOrdinal0 [0x00CD8935+756021]\n\tOrdinal0 [0x00D04BB4+936884]\n\tOrdinal0 [0x00D00DDC+921052]\n\tOrdinal0 [0x00CFE691+910993]\n\tOrdinal0 [0x00D317F0+1120240]\n\tOrdinal0 [0x00D3144A+1119306]\n\tOrdinal0 [0x00D2C9A6+1100198]\n\tOrdinal0 [0x00D06F80+946048]\n\tOrdinal0 [0x00D07E76+949878]\n\tGetHandleVerifier [0x010D90C2+2721218]\n\tGetHandleVerifier [0x010CAAF0+2662384]\n\tGetHandleVerifier [0x00EC137A+526458]\n\tGetHandleVerifier [0x00EC0416+522518]\n\tOrdinal0 [0x00DD4EAB+1789611]\n\tOrdinal0 [0x00DD97A8+1808296]\n\tOrdinal0 [0x00DD9895+1808533]\n\tOrdinal0 [0x00DE26C1+1844929]\n\tBaseThreadInitThunk [0x7646FA29+25]\n\tRtlGetAppContainerNamedObjectPath [0x77307A9E+286]\n\tRtlGetAppContainerNamedObjectPath [0x77307A6E+238]\n\r\n\tat java.base/jdk.internal.reflect.NativeConstructorAccessorImpl.newInstance0(Native Method)\r\n\tat java.base/jdk.internal.reflect.NativeConstructorAccessorImpl.newInstance(NativeConstructorAccessorImpl.java:62)\r\n\tat java.base/jdk.internal.reflect.DelegatingConstructorAccessorImpl.newInstance(DelegatingConstructorAccessorImpl.java:45)\r\n\tat java.base/java.lang.reflect.Constructor.newInstance(Constructor.java:490)\r\n\tat org.openqa.selenium.remote.W3CHandshakeResponse.lambda$errorHandler$0(W3CHandshakeResponse.java:62)\r\n\tat org.openqa.selenium.remote.HandshakeResponse.lambda$getResponseFunction$0(HandshakeResponse.java:30)\r\n\tat org.openqa.selenium.remote.ProtocolHandshake.lambda$createSession$0(ProtocolHandshake.java:126)\r\n\tat java.base/java.util.stream.ReferencePipeline$3$1.accept(ReferencePipeline.java:195)\r\n\tat java.base/java.util.Spliterators$ArraySpliterator.tryAdvance(Spliterators.java:958)\r\n\tat java.base/java.util.stream.ReferencePipeline.forEachWithCancel(ReferencePipeline.java:127)\r\n\tat java.base/java.util.stream.AbstractPipeline.copyIntoWithCancel(AbstractPipeline.java:502)\r\n\tat java.base/java.util.stream.AbstractPipeline.copyInto(AbstractPipeline.java:488)\r\n\tat java.base/java.util.stream.AbstractPipeline.wrapAndCopyInto(AbstractPipeline.java:474)\r\n\tat java.base/java.util.stream.FindOps$FindOp.evaluateSequential(FindOps.java:150)\r\n\tat java.base/java.util.stream.AbstractPipeline.evaluate(AbstractPipeline.java:234)\r\n\tat java.base/java.util.stream.ReferencePipeline.findFirst(ReferencePipeline.java:543)\r\n\tat org.openqa.selenium.remote.ProtocolHandshake.createSession(ProtocolHandshake.java:128)\r\n\tat org.openqa.selenium.remote.ProtocolHandshake.createSession(ProtocolHandshake.java:74)\r\n\tat org.openqa.selenium.remote.HttpCommandExecutor.execute(HttpCommandExecutor.java:136)\r\n\tat org.openqa.selenium.remote.service.DriverCommandExecutor.execute(DriverCommandExecutor.java:83)\r\n\tat org.openqa.selenium.remote.RemoteWebDriver.execute(RemoteWebDriver.java:552)\r\n\tat org.openqa.selenium.remote.RemoteWebDriver.startSession(RemoteWebDriver.java:213)\r\n\tat org.openqa.selenium.remote.RemoteWebDriver.<init>(RemoteWebDriver.java:131)\r\n\tat org.openqa.selenium.chrome.ChromeDriver.<init>(ChromeDriver.java:181)\r\n\tat org.openqa.selenium.chrome.ChromeDriver.<init>(ChromeDriver.java:168)\r\n\tat org.openqa.selenium.chrome.ChromeDriver.<init>(ChromeDriver.java:157)\r\n\tat core.driveroptions.BrowserHandler.setDriver(BrowserHandler.java:104)\r\n\tat core.driveroptions.BrowserHandler.getDriver(BrowserHandler.java:56)\r\n\tat core.components.ComponentHandler.Init(ComponentHandler.java:26)\r\n\tat stepDefinations.stepDefinition.visit(stepDefinition.java:45)\r\n\tat ✽.Visit(file:src/test/java/features/Users%20Module.feature:3)\r\n",
    "steps" : [ {
      "name" : "And  Visit",
      "time" : {
        "start" : 1658951309027,
        "stop" : 1658951370338,
        "duration" : 61311
      },
      "status" : "broken",
      "statusMessage" : "chrome not reachable\nBuild info: version: '3.141.59', revision: 'e82be7d358', time: '2018-11-14T08:17:03'\nSystem info: host: 'DESKTOP-NH20ML0', ip: '192.187.8.105', os.name: 'Windows 10', os.arch: 'amd64', os.version: '10.0', java.version: '11.0.11'\nDriver info: driver.version: ChromeDriver\nremote stacktrace: Backtrace:\n\tOrdinal0 [0x00E35FD3+2187219]\n\tOrdinal0 [0x00DCE6D1+1763025]\n\tOrdinal0 [0x00CE3D40+802112]\n\tOrdinal0 [0x00CD8935+756021]\n\tOrdinal0 [0x00D04BB4+936884]\n\tOrdinal0 [0x00D00DDC+921052]\n\tOrdinal0 [0x00CFE691+910993]\n\tOrdinal0 [0x00D317F0+1120240]\n\tOrdinal0 [0x00D3144A+1119306]\n\tOrdinal0 [0x00D2C9A6+1100198]\n\tOrdinal0 [0x00D06F80+946048]\n\tOrdinal0 [0x00D07E76+949878]\n\tGetHandleVerifier [0x010D90C2+2721218]\n\tGetHandleVerifier [0x010CAAF0+2662384]\n\tGetHandleVerifier [0x00EC137A+526458]\n\tGetHandleVerifier [0x00EC0416+522518]\n\tOrdinal0 [0x00DD4EAB+1789611]\n\tOrdinal0 [0x00DD97A8+1808296]\n\tOrdinal0 [0x00DD9895+1808533]\n\tOrdinal0 [0x00DE26C1+1844929]\n\tBaseThreadInitThunk [0x7646FA29+25]\n\tRtlGetAppContainerNamedObjectPath [0x77307A9E+286]\n\tRtlGetAppContainerNamedObjectPath [0x77307A6E+238]\n",
      "statusTrace" : "org.openqa.selenium.WebDriverException: chrome not reachable\nBuild info: version: '3.141.59', revision: 'e82be7d358', time: '2018-11-14T08:17:03'\nSystem info: host: 'DESKTOP-NH20ML0', ip: '192.187.8.105', os.name: 'Windows 10', os.arch: 'amd64', os.version: '10.0', java.version: '11.0.11'\nDriver info: driver.version: ChromeDriver\nremote stacktrace: Backtrace:\n\tOrdinal0 [0x00E35FD3+2187219]\n\tOrdinal0 [0x00DCE6D1+1763025]\n\tOrdinal0 [0x00CE3D40+802112]\n\tOrdinal0 [0x00CD8935+756021]\n\tOrdinal0 [0x00D04BB4+936884]\n\tOrdinal0 [0x00D00DDC+921052]\n\tOrdinal0 [0x00CFE691+910993]\n\tOrdinal0 [0x00D317F0+1120240]\n\tOrdinal0 [0x00D3144A+1119306]\n\tOrdinal0 [0x00D2C9A6+1100198]\n\tOrdinal0 [0x00D06F80+946048]\n\tOrdinal0 [0x00D07E76+949878]\n\tGetHandleVerifier [0x010D90C2+2721218]\n\tGetHandleVerifier [0x010CAAF0+2662384]\n\tGetHandleVerifier [0x00EC137A+526458]\n\tGetHandleVerifier [0x00EC0416+522518]\n\tOrdinal0 [0x00DD4EAB+1789611]\n\tOrdinal0 [0x00DD97A8+1808296]\n\tOrdinal0 [0x00DD9895+1808533]\n\tOrdinal0 [0x00DE26C1+1844929]\n\tBaseThreadInitThunk [0x7646FA29+25]\n\tRtlGetAppContainerNamedObjectPath [0x77307A9E+286]\n\tRtlGetAppContainerNamedObjectPath [0x77307A6E+238]\n\r\n\tat java.base/jdk.internal.reflect.NativeConstructorAccessorImpl.newInstance0(Native Method)\r\n\tat java.base/jdk.internal.reflect.NativeConstructorAccessorImpl.newInstance(NativeConstructorAccessorImpl.java:62)\r\n\tat java.base/jdk.internal.reflect.DelegatingConstructorAccessorImpl.newInstance(DelegatingConstructorAccessorImpl.java:45)\r\n\tat java.base/java.lang.reflect.Constructor.newInstance(Constructor.java:490)\r\n\tat org.openqa.selenium.remote.W3CHandshakeResponse.lambda$errorHandler$0(W3CHandshakeResponse.java:62)\r\n\tat org.openqa.selenium.remote.HandshakeResponse.lambda$getResponseFunction$0(HandshakeResponse.java:30)\r\n\tat org.openqa.selenium.remote.ProtocolHandshake.lambda$createSession$0(ProtocolHandshake.java:126)\r\n\tat java.base/java.util.stream.ReferencePipeline$3$1.accept(ReferencePipeline.java:195)\r\n\tat java.base/java.util.Spliterators$ArraySpliterator.tryAdvance(Spliterators.java:958)\r\n\tat java.base/java.util.stream.ReferencePipeline.forEachWithCancel(ReferencePipeline.java:127)\r\n\tat java.base/java.util.stream.AbstractPipeline.copyIntoWithCancel(AbstractPipeline.java:502)\r\n\tat java.base/java.util.stream.AbstractPipeline.copyInto(AbstractPipeline.java:488)\r\n\tat java.base/java.util.stream.AbstractPipeline.wrapAndCopyInto(AbstractPipeline.java:474)\r\n\tat java.base/java.util.stream.FindOps$FindOp.evaluateSequential(FindOps.java:150)\r\n\tat java.base/java.util.stream.AbstractPipeline.evaluate(AbstractPipeline.java:234)\r\n\tat java.base/java.util.stream.ReferencePipeline.findFirst(ReferencePipeline.java:543)\r\n\tat org.openqa.selenium.remote.ProtocolHandshake.createSession(ProtocolHandshake.java:128)\r\n\tat org.openqa.selenium.remote.ProtocolHandshake.createSession(ProtocolHandshake.java:74)\r\n\tat org.openqa.selenium.remote.HttpCommandExecutor.execute(HttpCommandExecutor.java:136)\r\n\tat org.openqa.selenium.remote.service.DriverCommandExecutor.execute(DriverCommandExecutor.java:83)\r\n\tat org.openqa.selenium.remote.RemoteWebDriver.execute(RemoteWebDriver.java:552)\r\n\tat org.openqa.selenium.remote.RemoteWebDriver.startSession(RemoteWebDriver.java:213)\r\n\tat org.openqa.selenium.remote.RemoteWebDriver.<init>(RemoteWebDriver.java:131)\r\n\tat org.openqa.selenium.chrome.ChromeDriver.<init>(ChromeDriver.java:181)\r\n\tat org.openqa.selenium.chrome.ChromeDriver.<init>(ChromeDriver.java:168)\r\n\tat org.openqa.selenium.chrome.ChromeDriver.<init>(ChromeDriver.java:157)\r\n\tat core.driveroptions.BrowserHandler.setDriver(BrowserHandler.java:104)\r\n\tat core.driveroptions.BrowserHandler.getDriver(BrowserHandler.java:56)\r\n\tat core.components.ComponentHandler.Init(ComponentHandler.java:26)\r\n\tat stepDefinations.stepDefinition.visit(stepDefinition.java:45)\r\n\tat ✽.Visit(file:src/test/java/features/Users%20Module.feature:3)\r\n",
      "steps" : [ ],
      "attachments" : [ ],
      "parameters" : [ ],
      "attachmentsCount" : 0,
      "shouldDisplayMessage" : true,
      "stepsCount" : 0,
      "hasContent" : true
    }, {
      "name" : "Given  Login",
      "time" : {
        "start" : 1658951370338,
        "stop" : 1658951370339,
        "duration" : 1
      },
      "status" : "skipped",
      "steps" : [ ],
      "attachments" : [ ],
      "parameters" : [ ],
      "attachmentsCount" : 0,
      "shouldDisplayMessage" : false,
      "stepsCount" : 0,
      "hasContent" : false
    }, {
      "name" : "Given  UserFirstNameValidation \"First Name\" \"Last Name\"",
      "time" : {
        "start" : 1658951370339,
        "stop" : 1658951370339,
        "duration" : 0
      },
      "status" : "skipped",
      "steps" : [ ],
      "attachments" : [ ],
      "parameters" : [ ],
      "attachmentsCount" : 0,
      "shouldDisplayMessage" : false,
      "stepsCount" : 0,
      "hasContent" : false
    } ],
    "attachments" : [ ],
    "parameters" : [ ],
    "attachmentsCount" : 0,
    "shouldDisplayMessage" : false,
    "stepsCount" : 3,
    "hasContent" : true
  },
  "afterStages" : [ {
    "name" : "stepDefinition.afterScenerio(Scenario)",
    "time" : {
      "start" : 1658951370340,
      "stop" : 1658951370341,
      "duration" : 1
    },
    "status" : "broken",
    "statusMessage" : "After is failed: Session ID is null. Using WebDriver after calling quit()?\nBuild info: version: '3.141.59', revision: 'e82be7d358', time: '2018-11-14T08:17:03'\nSystem info: host: 'DESKTOP-NH20ML0', ip: '192.187.8.105', os.name: 'Windows 10', os.arch: 'amd64', os.version: '10.0', java.version: '11.0.11'\nDriver info: driver.version: RemoteWebDriver",
    "statusTrace" : "org.openqa.selenium.NoSuchSessionException: Session ID is null. Using WebDriver after calling quit()?\nBuild info: version: '3.141.59', revision: 'e82be7d358', time: '2018-11-14T08:17:03'\nSystem info: host: 'DESKTOP-NH20ML0', ip: '192.187.8.105', os.name: 'Windows 10', os.arch: 'amd64', os.version: '10.0', java.version: '11.0.11'\nDriver info: driver.version: RemoteWebDriver\r\n\tat org.openqa.selenium.remote.HttpCommandExecutor.execute(HttpCommandExecutor.java:125)\r\n\tat org.openqa.selenium.remote.service.DriverCommandExecutor.execute(DriverCommandExecutor.java:83)\r\n\tat org.openqa.selenium.remote.RemoteWebDriver.execute(RemoteWebDriver.java:552)\r\n\tat org.openqa.selenium.remote.RemoteWebDriver.execute(RemoteWebDriver.java:609)\r\n\tat org.openqa.selenium.remote.RemoteWebDriver.getScreenshotAs(RemoteWebDriver.java:295)\r\n\tat stepDefinations.stepDefinition.afterScenerio(stepDefinition.java:642)\r\n\tat jdk.internal.reflect.GeneratedMethodAccessor28.invoke(Unknown Source)\r\n\tat java.base/jdk.internal.reflect.DelegatingMethodAccessorImpl.invoke(DelegatingMethodAccessorImpl.java:43)\r\n\tat java.base/java.lang.reflect.Method.invoke(Method.java:566)\r\n\tat cucumber.runtime.Utils$1.call(Utils.java:26)\r\n\tat cucumber.runtime.Timeout.timeout(Timeout.java:16)\r\n\tat cucumber.runtime.Utils.invoke(Utils.java:20)\r\n\tat cucumber.runtime.java.JavaHookDefinition.execute(JavaHookDefinition.java:65)\r\n\tat cucumber.runner.HookDefinitionMatch.runStep(HookDefinitionMatch.java:16)\r\n\tat cucumber.runner.TestStep.executeStep(TestStep.java:65)\r\n\tat cucumber.runner.TestStep.run(TestStep.java:50)\r\n\tat cucumber.runner.TestCase.run(TestCase.java:50)\r\n\tat cucumber.runner.Runner.runPickle(Runner.java:50)\r\n\tat io.cucumber.testng.TestNGCucumberRunner.runScenario(TestNGCucumberRunner.java:79)\r\n\tat io.cucumber.testng.AbstractTestNGCucumberTests.runScenario(AbstractTestNGCucumberTests.java:24)\r\n\tat jdk.internal.reflect.GeneratedMethodAccessor26.invoke(Unknown Source)\r\n\tat java.base/jdk.internal.reflect.DelegatingMethodAccessorImpl.invoke(DelegatingMethodAccessorImpl.java:43)\r\n\tat java.base/java.lang.reflect.Method.invoke(Method.java:566)\r\n\tat org.testng.internal.MethodInvocationHelper.invokeMethod(MethodInvocationHelper.java:124)\r\n\tat org.testng.internal.Invoker.invokeMethod(Invoker.java:583)\r\n\tat org.testng.internal.Invoker.invokeTestMethod(Invoker.java:719)\r\n\tat org.testng.internal.Invoker.invokeTestMethods(Invoker.java:989)\r\n\tat org.testng.internal.TestMethodWorker.invokeTestMethods(TestMethodWorker.java:125)\r\n\tat org.testng.internal.TestMethodWorker.run(TestMethodWorker.java:109)\r\n\tat org.testng.TestRunner.privateRun(TestRunner.java:648)\r\n\tat org.testng.TestRunner.run(TestRunner.java:505)\r\n\tat org.testng.SuiteRunner.runTest(SuiteRunner.java:455)\r\n\tat org.testng.SuiteRunner.runSequentially(SuiteRunner.java:450)\r\n\tat org.testng.SuiteRunner.privateRun(SuiteRunner.java:415)\r\n\tat org.testng.SuiteRunner.run(SuiteRunner.java:364)\r\n\tat org.testng.SuiteRunnerWorker.runSuite(SuiteRunnerWorker.java:52)\r\n\tat org.testng.SuiteRunnerWorker.run(SuiteRunnerWorker.java:84)\r\n\tat org.testng.TestNG.runSuitesSequentially(TestNG.java:1208)\r\n\tat org.testng.TestNG.runSuitesLocally(TestNG.java:1137)\r\n\tat org.testng.TestNG.runSuites(TestNG.java:1049)\r\n\tat org.testng.TestNG.run(TestNG.java:1017)\r\n\tat org.apache.maven.surefire.testng.TestNGExecutor.run(TestNGExecutor.java:283)\r\n\tat org.apache.maven.surefire.testng.TestNGXmlTestSuite.execute(TestNGXmlTestSuite.java:75)\r\n\tat org.apache.maven.surefire.testng.TestNGProvider.invoke(TestNGProvider.java:120)\r\n\tat org.apache.maven.surefire.booter.ForkedBooter.runSuitesInProcess(ForkedBooter.java:377)\r\n\tat org.apache.maven.surefire.booter.ForkedBooter.execute(ForkedBooter.java:138)\r\n\tat org.apache.maven.surefire.booter.ForkedBooter.run(ForkedBooter.java:465)\r\n\tat org.apache.maven.surefire.booter.ForkedBooter.main(ForkedBooter.java:451)\r\n",
    "steps" : [ ],
    "attachments" : [ ],
    "parameters" : [ ],
    "attachmentsCount" : 0,
    "shouldDisplayMessage" : true,
    "stepsCount" : 0,
    "hasContent" : true
  } ],
  "labels" : [ {
    "name" : "tag",
    "value" : "UserFirstNameValidation"
  }, {
    "name" : "tag",
    "value" : "allTest"
  }, {
    "name" : "tag",
    "value" : "Users"
  }, {
    "name" : "host",
    "value" : "DESKTOP-NH20ML0"
  }, {
    "name" : "thread",
    "value" : "23356@DESKTOP-NH20ML0.main(1)"
  }, {
    "name" : "feature",
    "value" : "Users Module"
  }, {
    "name" : "story",
    "value" : "This will validate first name while create new use"
  }, {
    "name" : "suite",
    "value" : "Users Module"
  }, {
    "name" : "testClass",
    "value" : "This will validate first name while create new use"
  }, {
    "name" : "framework",
    "value" : "cucumber4jvm"
  }, {
    "name" : "language",
    "value" : "java"
  }, {
    "name" : "gherkin_uri",
    "value" : "file:src/test/java/features/Users%20Module.feature"
  }, {
    "name" : "package",
    "value" : "src.test.java.features.Users Module_feature.Users Module"
  }, {
    "name" : "resultFormat",
    "value" : "allure2"
  } ],
  "parameters" : [ ],
  "links" : [ ],
  "hidden" : true,
  "retry" : true,
  "extra" : {
    "categories" : [ ],
    "tags" : [ "UserFirstNameValidation", "allTest", "Users" ]
  },
  "source" : "3255d8f571aa1519.json",
  "parameterValues" : [ ]
}